

Microchip Technology PIC LITE Macro Assembler V1.33 build 59893 
                                                                                               Mon Mar 09 12:36:23 2026

Microchip Technology Omniscient Code Generator (Lite mode) build 59893
     1                           	processor	16F877A
     2                           	opt	pw 120
     3                           	opt	lm
     4                           	psect	idataBANK0,global,class=CODE,delta=2
     5                           	psect	cinit,global,class=CODE,merge=1,delta=2
     6                           	psect	bssBANK0,global,class=BANK0,space=1,delta=1
     7                           	psect	dataBANK0,global,class=BANK0,space=1,delta=1
     8                           	psect	cstackCOMMON,global,class=COMMON,space=1,delta=1
     9                           	psect	cstackBANK0,global,class=BANK0,space=1,delta=1
    10                           	psect	maintext,global,class=CODE,split=1,delta=2
    11                           	psect	text1,local,class=CODE,merge=1,delta=2
    12                           	psect	text2,local,class=CODE,merge=1,delta=2
    13                           	psect	intentry,global,class=CODE,delta=2
    14                           	dabs	1,0x7E,2
    15  0000                     	;# 
    16  0001                     	;# 
    17  0002                     	;# 
    18  0003                     	;# 
    19  0004                     	;# 
    20  0005                     	;# 
    21  0006                     	;# 
    22  0007                     	;# 
    23  0008                     	;# 
    24  0009                     	;# 
    25  000A                     	;# 
    26  000B                     	;# 
    27  000C                     	;# 
    28  000D                     	;# 
    29  000E                     	;# 
    30  000E                     	;# 
    31  000F                     	;# 
    32  0010                     	;# 
    33  0011                     	;# 
    34  0012                     	;# 
    35  0013                     	;# 
    36  0014                     	;# 
    37  0015                     	;# 
    38  0015                     	;# 
    39  0016                     	;# 
    40  0017                     	;# 
    41  0018                     	;# 
    42  0019                     	;# 
    43  001A                     	;# 
    44  001B                     	;# 
    45  001B                     	;# 
    46  001C                     	;# 
    47  001D                     	;# 
    48  001E                     	;# 
    49  001F                     	;# 
    50  0081                     	;# 
    51  0085                     	;# 
    52  0086                     	;# 
    53  0087                     	;# 
    54  0088                     	;# 
    55  0089                     	;# 
    56  008C                     	;# 
    57  008D                     	;# 
    58  008E                     	;# 
    59  0091                     	;# 
    60  0092                     	;# 
    61  0093                     	;# 
    62  0094                     	;# 
    63  0098                     	;# 
    64  0099                     	;# 
    65  009C                     	;# 
    66  009D                     	;# 
    67  009E                     	;# 
    68  009F                     	;# 
    69  010C                     	;# 
    70  010D                     	;# 
    71  010E                     	;# 
    72  010F                     	;# 
    73  018C                     	;# 
    74  018D                     	;# 
    75                           
    76                           	psect	idataBANK0
    77  00ED                     __pidataBANK0:	
    78                           
    79                           ;initializer for _count_flag
    80  00ED  3401               	retlw	1
    81  00EE  3400               	retlw	0
    82  0007                     _PORTC	set	7
    83  0008                     _PORTD	set	8
    84  005F                     _GIE	set	95
    85  005C                     _INTE	set	92
    86  0059                     _INTF	set	89
    87  005E                     _PEIE	set	94
    88  005D                     _TMR0IE	set	93
    89  005A                     _TMR0IF	set	90
    90  0081                     _OPTION_REG	set	129
    91  0086                     _TRISB	set	134
    92  0087                     _TRISC	set	135
    93  0088                     _TRISD	set	136
    94                           
    95                           ; #config settings
    96  0000                     
    97                           	psect	cinit
    98  0015                     start_initialization:	
    99  0015                     __initialization:	
   100                           
   101                           ; Clear objects allocated to BANK0
   102  0015  01A7               	clrf	__pbssBANK0& (0+127)
   103  0016  01A8               	clrf	(__pbssBANK0+1)& (0+127)
   104                           
   105                           ; Initialize objects allocated to BANK0
   106  0017  120A  118A  20ED  120A  118A  	fcall	__pidataBANK0	;fetch initializer
   107  001C  00A9               	movwf	__pdataBANK0& (0+127)
   108  001D  120A  118A  20EE   	fcall	__pidataBANK0+1	;fetch initializer
   109  0020  00AA               	movwf	(__pdataBANK0+1)& (0+127)
   110  0021                     end_of_initialization:	
   111                           ;End of C runtime variable initialization code
   112                           
   113  0021                     __end_of__initialization:	
   114  0021  0183               	clrf	3
   115  0022  120A  118A  2889   	ljmp	_main	;jump to C main() function
   116                           
   117                           	psect	bssBANK0
   118  0027                     __pbssBANK0:	
   119  0027                     _segment:	
   120  0027                     	ds	2
   121                           
   122                           	psect	dataBANK0
   123  0029                     __pdataBANK0:	
   124  0029                     _count_flag:	
   125  0029                     	ds	2
   126                           
   127                           	psect	cstackCOMMON
   128  0070                     __pcstackCOMMON:	
   129  0070                     ?_ISR:	
   130  0070                     ??_ISR:	
   131                           ; 0 bytes @ 0x0
   132                           
   133  0070                     ?_main:	
   134                           ; 0 bytes @ 0x0
   135                           
   136                           
   137                           ; 0 bytes @ 0x0
   138  0070                     	ds	6
   139  0076                     ISR@read:	
   140                           
   141                           ; 2 bytes @ 0x6
   142  0076                     	ds	2
   143                           
   144                           	psect	cstackBANK0
   145  0020                     __pcstackBANK0:	
   146  0020                     ?_delay:	
   147  0020                     delay@counter:	
   148                           ; 0 bytes @ 0x0
   149                           
   150                           
   151                           ; 2 bytes @ 0x0
   152  0020                     	ds	2
   153  0022                     ??_delay:	
   154                           
   155                           ; 0 bytes @ 0x2
   156  0022                     	ds	1
   157  0023                     delay@of_count:	
   158                           
   159                           ; 2 bytes @ 0x3
   160  0023                     	ds	2
   161  0025                     ??_main:	
   162  0025                     main@i:	
   163                           ; 0 bytes @ 0x5
   164                           
   165                           
   166                           ; 2 bytes @ 0x5
   167  0025                     	ds	2
   168                           
   169                           	psect	maintext
   170  0089                     __pmaintext:	
   171 ;;
   172 ;;Main: autosize = 0, tempsize = 0, incstack = 0, save=0
   173 ;;
   174 ;; *************** function _main *****************
   175 ;; Defined at:
   176 ;;		line 106 in file "C:\School Work\Embedded System\LE3\PracticalActivity3.c"
   177 ;; Parameters:    Size  Location     Type
   178 ;;		None
   179 ;; Auto vars:     Size  Location     Type
   180 ;;  i               2    5[BANK0 ] int 
   181 ;; Return value:  Size  Location     Type
   182 ;;		None               void
   183 ;; Registers used:
   184 ;;		wreg, status,2, status,0, btemp+1, pclath, cstack
   185 ;; Tracked objects:
   186 ;;		On entry : 17F/0
   187 ;;		On exit  : 0/0
   188 ;;		Unchanged: 0/0
   189 ;; Data sizes:     COMMON   BANK0   BANK1   BANK3   BANK2
   190 ;;      Params:         0       0       0       0       0
   191 ;;      Locals:         0       2       0       0       0
   192 ;;      Temps:          0       0       0       0       0
   193 ;;      Totals:         0       2       0       0       0
   194 ;;Total ram usage:        2 bytes
   195 ;; Hardware stack levels required when called:    2
   196 ;; This function calls:
   197 ;;		_delay
   198 ;; This function is called by:
   199 ;;		Startup code after reset
   200 ;; This function uses a non-reentrant model
   201 ;;
   202                           
   203                           
   204                           ;psect for function _main
   205  0089                     _main:	
   206                           
   207                           ;PracticalActivity3.c: 108: GIE = 1;
   208                           
   209                           ;incstack = 0
   210                           ; Regs used in _main: [wreg+status,2+status,0+btemp+1+pclath+cstack]
   211  0089  178B               	bsf	11,7	;volatile
   212                           
   213                           ;PracticalActivity3.c: 109: INTE = 1;
   214  008A  160B               	bsf	11,4	;volatile
   215                           
   216                           ;PracticalActivity3.c: 110: INTF = 0;
   217  008B  108B               	bcf	11,1	;volatile
   218                           
   219                           ;PracticalActivity3.c: 111: OPTION_REG = 0x43;
   220  008C  3043               	movlw	67
   221  008D  1683               	bsf	3,5	;RP0=1, select bank1
   222  008E  1303               	bcf	3,6	;RP1=0, select bank1
   223  008F  0081               	movwf	1	;volatile
   224                           
   225                           ;PracticalActivity3.c: 115: PEIE=1;
   226  0090  170B               	bsf	11,6	;volatile
   227                           
   228                           ;PracticalActivity3.c: 116: TMR0IE = 1;
   229  0091  168B               	bsf	11,5	;volatile
   230                           
   231                           ;PracticalActivity3.c: 117: TMR0IF = 0;
   232  0092  110B               	bcf	11,2	;volatile
   233                           
   234                           ;PracticalActivity3.c: 119: TRISB = 0x01;
   235  0093  3001               	movlw	1
   236  0094  0086               	movwf	6	;volatile
   237                           
   238                           ;PracticalActivity3.c: 120: TRISC = 0x00;
   239  0095  0187               	clrf	7	;volatile
   240                           
   241                           ;PracticalActivity3.c: 121: TRISD= 0xFF;
   242  0096  30FF               	movlw	255
   243  0097  0088               	movwf	8	;volatile
   244                           
   245                           ;PracticalActivity3.c: 122: PORTC = 0x05;
   246  0098  3005               	movlw	5
   247  0099  1283               	bcf	3,5	;RP0=0, select bank0
   248  009A  1303               	bcf	3,6	;RP1=0, select bank0
   249  009B  0087               	movwf	7	;volatile
   250  009C                     l709:	
   251                           ;PracticalActivity3.c: 125: while (1)
   252                           
   253                           
   254                           ;PracticalActivity3.c: 126: {
   255                           ;PracticalActivity3.c: 127: for(int i = 0 ; i<8 ; i ++)
   256  009C  1283               	bcf	3,5	;RP0=0, select bank0
   257  009D  1303               	bcf	3,6	;RP1=0, select bank0
   258  009E  01A5               	clrf	main@i
   259  009F  01A6               	clrf	main@i+1
   260  00A0                     L1:	
   261  00A0  0826               	movf	main@i+1,w
   262  00A1  3A80               	xorlw	128
   263  00A2  00FF               	movwf	127
   264  00A3  3080               	movlw	128
   265  00A4  027F               	subwf	127,w
   266  00A5  1D03               	skipz
   267  00A6  28A9               	goto	u125
   268  00A7  3008               	movlw	8
   269  00A8  0225               	subwf	main@i,w
   270  00A9                     u125:	
   271  00A9  1803               	btfsc	3,0
   272  00AA  289C               	goto	l709
   273                           
   274                           ;PracticalActivity3.c: 128: {
   275                           ;PracticalActivity3.c: 129: PORTC = segment;
   276  00AB  1283               	bcf	3,5	;RP0=0, select bank0
   277  00AC  1303               	bcf	3,6	;RP1=0, select bank0
   278  00AD  0827               	movf	_segment,w
   279  00AE  0087               	movwf	7	;volatile
   280                           
   281                           ;PracticalActivity3.c: 130: segment++;
   282  00AF  3001               	movlw	1
   283  00B0  07A7               	addwf	_segment,f
   284  00B1  1803               	skipnc
   285  00B2  0AA8               	incf	_segment+1,f
   286  00B3  3000               	movlw	0
   287  00B4  07A8               	addwf	_segment+1,f
   288                           
   289                           ;PracticalActivity3.c: 131: delay(195);
   290  00B5  30C3               	movlw	195
   291  00B6  00A0               	movwf	delay@counter
   292  00B7  3000               	movlw	0
   293  00B8  00A1               	movwf	delay@counter+1
   294  00B9  120A  118A  20CE  120A  118A  	fcall	_delay
   295                           
   296                           ;PracticalActivity3.c: 132: if(segment == 0x0A)
   297  00BE  300A               	movlw	10
   298  00BF  1283               	bcf	3,5	;RP0=0, select bank0
   299  00C0  1303               	bcf	3,6	;RP1=0, select bank0
   300  00C1  0627               	xorwf	_segment,w
   301  00C2  0428               	iorwf	_segment+1,w
   302  00C3  1D03               	skipz
   303  00C4  28C7               	goto	l723
   304                           
   305                           ;PracticalActivity3.c: 133: segment= 0x00;
   306  00C5  01A7               	clrf	_segment
   307  00C6  01A8               	clrf	_segment+1
   308  00C7                     l723:	
   309  00C7  3001               	movlw	1
   310  00C8  07A5               	addwf	main@i,f
   311  00C9  1803               	skipnc
   312  00CA  0AA6               	incf	main@i+1,f
   313  00CB  3000               	movlw	0
   314  00CC  07A6               	addwf	main@i+1,f
   315  00CD  28A0               	goto	L1
   316  00CE                     __end_of_main:	
   317                           
   318                           	psect	text1
   319  00CE                     __ptext1:	
   320 ;; *************** function _delay *****************
   321 ;; Defined at:
   322 ;;		line 92 in file "C:\School Work\Embedded System\LE3\PracticalActivity3.c"
   323 ;; Parameters:    Size  Location     Type
   324 ;;  counter         2    0[BANK0 ] int 
   325 ;; Auto vars:     Size  Location     Type
   326 ;;  of_count        2    3[BANK0 ] int 
   327 ;; Return value:  Size  Location     Type
   328 ;;		None               void
   329 ;; Registers used:
   330 ;;		wreg, status,2
   331 ;; Tracked objects:
   332 ;;		On entry : 0/0
   333 ;;		On exit  : 0/0
   334 ;;		Unchanged: 0/0
   335 ;; Data sizes:     COMMON   BANK0   BANK1   BANK3   BANK2
   336 ;;      Params:         0       2       0       0       0
   337 ;;      Locals:         0       2       0       0       0
   338 ;;      Temps:          0       1       0       0       0
   339 ;;      Totals:         0       5       0       0       0
   340 ;;Total ram usage:        5 bytes
   341 ;; Hardware stack levels used:    1
   342 ;; Hardware stack levels required when called:    1
   343 ;; This function calls:
   344 ;;		Nothing
   345 ;; This function is called by:
   346 ;;		_main
   347 ;; This function uses a non-reentrant model
   348 ;;
   349                           
   350                           
   351                           ;psect for function _delay
   352  00CE                     _delay:	
   353                           
   354                           ;PracticalActivity3.c: 94: int of_count = 0;
   355                           
   356                           ;incstack = 0
   357                           ; Regs used in _delay: [wreg+status,2]
   358  00CE  1283               	bcf	3,5	;RP0=0, select bank0
   359  00CF  1303               	bcf	3,6	;RP1=0, select bank0
   360  00D0  01A3               	clrf	delay@of_count
   361  00D1  01A4               	clrf	delay@of_count+1
   362  00D2                     l647:	
   363                           ;PracticalActivity3.c: 96: while(of_count < counter)
   364                           
   365  00D2  0824               	movf	delay@of_count+1,w
   366  00D3  3A80               	xorlw	128
   367  00D4  00A2               	movwf	??_delay
   368  00D5  0821               	movf	delay@counter+1,w
   369  00D6  3A80               	xorlw	128
   370  00D7  0222               	subwf	??_delay,w
   371  00D8  1D03               	skipz
   372  00D9  28DC               	goto	u95
   373  00DA  0820               	movf	delay@counter,w
   374  00DB  0223               	subwf	delay@of_count,w
   375  00DC                     u95:	
   376  00DC  1803               	btfsc	3,0
   377  00DD  0008               	return
   378                           
   379                           ;PracticalActivity3.c: 97: {
   380                           ;PracticalActivity3.c: 98: if(count_flag)
   381  00DE  1283               	bcf	3,5	;RP0=0, select bank0
   382  00DF  1303               	bcf	3,6	;RP1=0, select bank0
   383  00E0  082A               	movf	_count_flag+1,w
   384  00E1  0429               	iorwf	_count_flag,w
   385  00E2  1903               	skipnz
   386  00E3  28D2               	goto	l647
   387                           
   388                           ;PracticalActivity3.c: 99: {
   389                           ;PracticalActivity3.c: 100: of_count++;
   390  00E4  3001               	movlw	1
   391  00E5  07A3               	addwf	delay@of_count,f
   392  00E6  1803               	skipnc
   393  00E7  0AA4               	incf	delay@of_count+1,f
   394  00E8  3000               	movlw	0
   395  00E9  07A4               	addwf	delay@of_count+1,f
   396                           
   397                           ;PracticalActivity3.c: 101: count_flag=0;
   398  00EA  01A9               	clrf	_count_flag
   399  00EB  01AA               	clrf	_count_flag+1
   400  00EC  28D2               	goto	l647
   401  00ED                     __end_of_delay:	
   402                           
   403                           	psect	text2
   404  0025                     __ptext2:	
   405 ;; *************** function _ISR *****************
   406 ;; Defined at:
   407 ;;		line 29 in file "C:\School Work\Embedded System\LE3\PracticalActivity3.c"
   408 ;; Parameters:    Size  Location     Type
   409 ;;		None
   410 ;; Auto vars:     Size  Location     Type
   411 ;;  read            2    6[COMMON] int 
   412 ;; Return value:  Size  Location     Type
   413 ;;		None               void
   414 ;; Registers used:
   415 ;;		wreg, fsr0l, fsr0h, status,2, status,0
   416 ;; Tracked objects:
   417 ;;		On entry : 0/0
   418 ;;		On exit  : 0/0
   419 ;;		Unchanged: 0/0
   420 ;; Data sizes:     COMMON   BANK0   BANK1   BANK3   BANK2
   421 ;;      Params:         0       0       0       0       0
   422 ;;      Locals:         2       0       0       0       0
   423 ;;      Temps:          6       0       0       0       0
   424 ;;      Totals:         8       0       0       0       0
   425 ;;Total ram usage:        8 bytes
   426 ;; Hardware stack levels used:    1
   427 ;; This function calls:
   428 ;;		Nothing
   429 ;; This function is called by:
   430 ;;		Interrupt level 1
   431 ;; This function uses a non-reentrant model
   432 ;;
   433                           
   434                           
   435                           ;psect for function _ISR
   436  0025                     _ISR:	
   437                           
   438                           ;PracticalActivity3.c: 31: GIE = 0;
   439  0025  138B               	bcf	11,7	;volatile
   440                           
   441                           ;PracticalActivity3.c: 32: if (INTF)
   442  0026  1C8B               	btfss	11,1	;volatile
   443  0027  2876               	goto	i1l31
   444                           
   445                           ;PracticalActivity3.c: 33: {
   446                           ;PracticalActivity3.c: 36: int read;
   447                           ;PracticalActivity3.c: 37: read = PORTD & 0x0F;
   448  0028  0808               	movf	8,w	;volatile
   449  0029  390F               	andlw	15
   450  002A  00F0               	movwf	??_ISR
   451  002B  01F1               	clrf	??_ISR+1
   452  002C  0870               	movf	??_ISR,w
   453  002D  00F6               	movwf	ISR@read
   454  002E  0871               	movf	??_ISR+1,w
   455  002F  00F7               	movwf	ISR@read+1
   456                           
   457                           ;PracticalActivity3.c: 39: switch(read)
   458  0030  2849               	goto	i1l679
   459  0031                     i1l653:	
   460                           ;PracticalActivity3.c: 40: {
   461                           ;PracticalActivity3.c: 41: case 0x00:
   462                           
   463                           
   464                           ;PracticalActivity3.c: 42: segment=0x01;
   465  0031  3001               	movlw	1
   466  0032  2842               	goto	L9
   467  0033                     i1l655:	
   468                           ;PracticalActivity3.c: 44: case 0x01:
   469                           
   470                           ;PracticalActivity3.c: 43: break;
   471                           
   472                           
   473                           ;PracticalActivity3.c: 45: segment=0x02;
   474  0033  3002               	movlw	2
   475  0034  2842               	goto	L9
   476  0035                     i1l657:	
   477                           ;PracticalActivity3.c: 47: case 0x02:
   478                           
   479                           ;PracticalActivity3.c: 46: break;
   480                           
   481                           
   482                           ;PracticalActivity3.c: 48: segment=0x03;
   483  0035  3003               	movlw	3
   484  0036  2842               	goto	L9
   485  0037                     i1l659:	
   486                           ;PracticalActivity3.c: 50: case 0x04:
   487                           
   488                           ;PracticalActivity3.c: 49: break;
   489                           
   490                           
   491                           ;PracticalActivity3.c: 51: segment=0x04;
   492  0037  3004               	movlw	4
   493  0038  2842               	goto	L9
   494  0039                     i1l661:	
   495                           ;PracticalActivity3.c: 53: case 0x05:
   496                           
   497                           ;PracticalActivity3.c: 52: break;
   498                           
   499                           
   500                           ;PracticalActivity3.c: 54: segment=0x05;
   501  0039  3005               	movlw	5
   502  003A  2842               	goto	L9
   503  003B                     i1l663:	
   504                           ;PracticalActivity3.c: 56: case 0x06:
   505                           
   506                           ;PracticalActivity3.c: 55: break;
   507                           
   508                           
   509                           ;PracticalActivity3.c: 57: segment=0x06;
   510  003B  3006               	movlw	6
   511  003C  2842               	goto	L9
   512  003D                     i1l665:	
   513                           ;PracticalActivity3.c: 59: case 0x08:
   514                           
   515                           ;PracticalActivity3.c: 58: break;
   516                           
   517                           
   518                           ;PracticalActivity3.c: 60: segment=0x07;
   519  003D  3007               	movlw	7
   520  003E  2842               	goto	L9
   521  003F                     i1l667:	
   522                           ;PracticalActivity3.c: 62: case 0x09:
   523                           
   524                           ;PracticalActivity3.c: 61: break;
   525                           
   526                           
   527                           ;PracticalActivity3.c: 63: segment=0x08;
   528  003F  3008               	movlw	8
   529  0040  2842               	goto	L9
   530  0041                     i1l669:	
   531                           ;PracticalActivity3.c: 65: case 0x0A:
   532                           
   533                           ;PracticalActivity3.c: 64: break;
   534                           
   535                           
   536                           ;PracticalActivity3.c: 66: segment=0x09;
   537  0041  3009               	movlw	9
   538  0042                     L9:	
   539  0042  00A7               	movwf	_segment
   540  0043  3000               	movlw	0
   541  0044  00A8               	movwf	_segment+1
   542                           
   543                           ;PracticalActivity3.c: 67: break;
   544  0045  2874               	goto	i1l34
   545  0046                     i1l671:	
   546                           ;PracticalActivity3.c: 68: case 0x0C:
   547                           
   548  0046                     i1l673:	
   549                           ;PracticalActivity3.c: 71: case 0x0D:
   550                           
   551                           ;PracticalActivity3.c: 70: break;
   552                           
   553                           ;PracticalActivity3.c: 69: segment=0x00;
   554                           
   555  0046                     i1l675:	
   556                           ;PracticalActivity3.c: 74: case 0x0E:
   557                           
   558                           ;PracticalActivity3.c: 73: break;
   559                           
   560                           ;PracticalActivity3.c: 72: segment=0x00;
   561                           
   562                           
   563                           ;PracticalActivity3.c: 75: segment=0x00;
   564  0046  01A7               	clrf	_segment
   565  0047  01A8               	clrf	_segment+1
   566                           
   567                           ;PracticalActivity3.c: 77: }
   568                           
   569                           ;PracticalActivity3.c: 76: break;
   570  0048  2874               	goto	i1l34
   571  0049                     i1l679:	
   572                           
   573                           ; Switch on 2 bytes has been partitioned into a top level switch of size 1, and 1 sub-sw
      +                          itches
   574                           ; Switch size 1, requested type "space"
   575                           ; Number of cases is 1, Range of values is 0 to 0
   576                           ; switch strategies available:
   577                           ; Name         Instructions Cycles
   578                           ; simple_byte            4     3 (average)
   579                           ; direct_byte           11     8 (fixed)
   580                           ; jumptable            260     6 (fixed)
   581                           ;	Chosen strategy is simple_byte
   582  0049  0877               	movf	ISR@read+1,w
   583  004A  3A00               	xorlw	0	; case 0
   584  004B  1903               	skipnz
   585  004C  284E               	goto	i1l757
   586  004D  2874               	goto	i1l34
   587  004E                     i1l757:	
   588                           
   589                           ; Switch size 1, requested type "space"
   590                           ; Number of cases is 12, Range of values is 0 to 14
   591                           ; switch strategies available:
   592                           ; Name         Instructions Cycles
   593                           ; simple_byte           37    19 (average)
   594                           ; direct_byte           53     8 (fixed)
   595                           ; jumptable            260     6 (fixed)
   596                           ;	Chosen strategy is simple_byte
   597  004E  0876               	movf	ISR@read,w
   598  004F  3A00               	xorlw	0	; case 0
   599  0050  1903               	skipnz
   600  0051  2831               	goto	i1l653
   601  0052  3A01               	xorlw	1	; case 1
   602  0053  1903               	skipnz
   603  0054  2833               	goto	i1l655
   604  0055  3A03               	xorlw	3	; case 2
   605  0056  1903               	skipnz
   606  0057  2835               	goto	i1l657
   607  0058  3A06               	xorlw	6	; case 4
   608  0059  1903               	skipnz
   609  005A  2837               	goto	i1l659
   610  005B  3A01               	xorlw	1	; case 5
   611  005C  1903               	skipnz
   612  005D  2839               	goto	i1l661
   613  005E  3A03               	xorlw	3	; case 6
   614  005F  1903               	skipnz
   615  0060  283B               	goto	i1l663
   616  0061  3A0E               	xorlw	14	; case 8
   617  0062  1903               	skipnz
   618  0063  283D               	goto	i1l665
   619  0064  3A01               	xorlw	1	; case 9
   620  0065  1903               	skipnz
   621  0066  283F               	goto	i1l667
   622  0067  3A03               	xorlw	3	; case 10
   623  0068  1903               	skipnz
   624  0069  2841               	goto	i1l669
   625  006A  3A06               	xorlw	6	; case 12
   626  006B  1903               	skipnz
   627  006C  2846               	goto	i1l671
   628  006D  3A01               	xorlw	1	; case 13
   629  006E  1903               	skipnz
   630  006F  2846               	goto	i1l673
   631  0070  3A03               	xorlw	3	; case 14
   632  0071  1903               	skipnz
   633  0072  2846               	goto	i1l675
   634  0073  2874               	goto	i1l34
   635  0074                     i1l34:	
   636                           
   637                           ;PracticalActivity3.c: 79: INTF = 0;
   638  0074  108B               	bcf	11,1	;volatile
   639                           
   640                           ;PracticalActivity3.c: 82: }
   641  0075  287D               	goto	i1l685
   642  0076                     i1l31:	
   643                           
   644                           ;PracticalActivity3.c: 83: else if (TMR0IF)
   645  0076  1D0B               	btfss	11,2	;volatile
   646  0077  287D               	goto	i1l685
   647                           
   648                           ;PracticalActivity3.c: 84: {
   649                           ;PracticalActivity3.c: 85: TMR0IF = 0;
   650  0078  110B               	bcf	11,2	;volatile
   651                           
   652                           ;PracticalActivity3.c: 86: count_flag = 1;
   653  0079  3001               	movlw	1
   654  007A  00A9               	movwf	_count_flag
   655  007B  3000               	movlw	0
   656  007C  00AA               	movwf	_count_flag+1
   657  007D                     i1l685:	
   658                           
   659                           ;PracticalActivity3.c: 87: }
   660                           ;PracticalActivity3.c: 89: GIE = 1;
   661  007D  178B               	bsf	11,7	;volatile
   662  007E  0875               	movf	??_ISR+5,w
   663  007F  00FF               	movwf	127
   664  0080  0874               	movf	??_ISR+4,w
   665  0081  008A               	movwf	10
   666  0082  0873               	movf	??_ISR+3,w
   667  0083  0084               	movwf	4
   668  0084  0E72               	swapf	(??_ISR+2)^(0+-128),w
   669  0085  0083               	movwf	3
   670  0086  0EFE               	swapf	126,f
   671  0087  0E7E               	swapf	126,w
   672  0088  0009               	retfie
   673  0089                     __end_of_ISR:	
   674  007E                     btemp	set	126	;btemp
   675  007E                     wtemp	set	126
   676  007E                     wtemp0	set	126
   677  0080                     wtemp1	set	128
   678  0082                     wtemp2	set	130
   679  0084                     wtemp3	set	132
   680  0086                     wtemp4	set	134
   681  0088                     wtemp5	set	136
   682  007F                     wtemp6	set	127
   683  007E                     ttemp	set	126
   684  007E                     ttemp0	set	126
   685  0081                     ttemp1	set	129
   686  0084                     ttemp2	set	132
   687  0087                     ttemp3	set	135
   688  007F                     ttemp4	set	127
   689  007E                     ltemp	set	126
   690  007E                     ltemp0	set	126
   691  0082                     ltemp1	set	130
   692  0086                     ltemp2	set	134
   693  0080                     ltemp3	set	128
   694                           
   695                           	psect	intentry
   696  0004                     __pintentry:	
   697                           ;incstack = 0
   698                           ; Regs used in _ISR: [wreg-fsr0h+status,2+status,0]
   699                           
   700  0004                     interrupt_function:	
   701  007E                     saved_w	set	btemp
   702  0004  00FE               	movwf	btemp
   703  0005  0E03               	swapf	3,w
   704  0006  00F2               	movwf	??_ISR+2
   705  0007  0804               	movf	4,w
   706  0008  00F3               	movwf	??_ISR+3
   707  0009  080A               	movf	10,w
   708  000A  00F4               	movwf	??_ISR+4
   709  000B  1283               	bcf	3,5	;RP0=0, select bank0
   710  000C  1303               	bcf	3,6	;RP1=0, select bank0
   711  000D  087F               	movf	btemp+1,w
   712  000E  00F5               	movwf	??_ISR+5
   713  000F  120A  118A  2825   	ljmp	_ISR


Data Sizes:
    Strings     0
    Constant    0
    Data        2
    BSS         2
    Persistent  0
    Stack       0

Auto Spaces:
    Space          Size  Autos    Used
    COMMON           14      8       8
    BANK0            80      7      11
    BANK1            80      0       0
    BANK3            96      0       0
    BANK2            96      0       0

Pointer List with Targets:

    None.

Critical Paths under _main in COMMON

    None.

Critical Paths under _ISR in COMMON

    None.

Critical Paths under _main in BANK0

    _main->_delay

Critical Paths under _ISR in BANK0

    None.

Critical Paths under _main in BANK1

    None.

Critical Paths under _ISR in BANK1

    None.

Critical Paths under _main in BANK3

    None.

Critical Paths under _ISR in BANK3

    None.

Critical Paths under _main in BANK2

    None.

Critical Paths under _ISR in BANK2

    None.

Call Graph Tables:

 ---------------------------------------------------------------------------------
 (Depth) Function   	        Calls       Base Space   Used Autos Params    Refs
 ---------------------------------------------------------------------------------
 (0) _main                                                 2     2      0     145
                                              5 BANK0      2     2      0
                              _delay
 ---------------------------------------------------------------------------------
 (1) _delay                                                5     3      2      99
                                              0 BANK0      5     3      2
 ---------------------------------------------------------------------------------
 Estimated maximum stack depth 1
 ---------------------------------------------------------------------------------
 (Depth) Function   	        Calls       Base Space   Used Autos Params    Refs
 ---------------------------------------------------------------------------------
 (2) _ISR                                                  8     8      0      23
                                              0 COMMON     8     8      0
 ---------------------------------------------------------------------------------
 Estimated maximum stack depth 2
 ---------------------------------------------------------------------------------

 Call Graph Graphs:

 _main (ROOT)
   _delay

 _ISR (ROOT)

 Address spaces:
Name               Size   Autos  Total    Cost      Usage
BANK3               60      0       0       9        0.0%
BITBANK3            60      0       0       8        0.0%
SFR3                 0      0       0       4        0.0%
BITSFR3              0      0       0       4        0.0%
BANK2               60      0       0      11        0.0%
BITBANK2            60      0       0      10        0.0%
SFR2                 0      0       0       5        0.0%
BITSFR2              0      0       0       5        0.0%
BANK1               50      0       0       7        0.0%
BITBANK1            50      0       0       6        0.0%
SFR1                 0      0       0       2        0.0%
BITSFR1              0      0       0       2        0.0%
BANK0               50      7       B       5       13.8%
BITBANK0            50      0       0       4        0.0%
SFR0                 0      0       0       1        0.0%
BITSFR0              0      0       0       1        0.0%
COMMON               E      8       8       1       57.1%
BITCOMMON            E      0       0       0        0.0%
CODE                 0      0       0       0        0.0%
DATA                 0      0      13      12        0.0%
ABS                  0      0      13       3        0.0%
NULL                 0      0       0       0        0.0%
STACK                0      0       0       2        0.0%
EEDATA             100      0       0       0        0.0%


Microchip Technology PIC Macro Assembler V1.33 build 59893 
Symbol Table                                                                                   Mon Mar 09 12:36:23 2026

            __CFG_CP$OFF 0000                       u95 00DC                      l723 00C7  
                    l709 009C                      l647 00D2                      _GIE 005F  
                    u125 00A9             __CFG_CPD$OFF 0000                      _ISR 0025  
                    fsr0 0004             __CFG_FOSC$XT 0000             __CFG_LVP$OFF 0000  
                   ?_ISR 0070                     _PEIE 005E                     _INTE 005C  
                   _INTF 0059                     i1l31 0076                     i1l34 0074  
           __CFG_WRT$OFF 0000                     _main 0089                     btemp 007E  
          __CFG_BOREN$ON 0000                     ltemp 007E                     start 0012  
                   ttemp 007E                     wtemp 007E                    ??_ISR 0070  
                  ?_main 0070            __CFG_WDTE$OFF 0000                    i1l661 0039  
                  i1l653 0031                    i1l671 0046                    i1l663 003B  
                  i1l655 0033                    i1l673 0046                    i1l665 003D  
                  i1l657 0035                    i1l675 0046                    i1l667 003F  
                  i1l659 0037                    i1l685 007D                    i1l757 004E  
                  i1l669 0041                    i1l679 0049                    _PORTC 0007  
                  _PORTD 0008                    _TRISB 0086                    _TRISC 0087  
                  _TRISD 0088            __CFG_PWRTE$ON 0000                    _delay 00CE  
                  main@i 0025                    pclath 000A                    ltemp0 007E  
                  ltemp1 0082                    ltemp2 0086                    ltemp3 0080  
                  ttemp0 007E                    ttemp1 0081                    ttemp2 0084  
                  ttemp3 0087                    ttemp4 007F                    status 0003  
                  wtemp0 007E                    wtemp1 0080                    wtemp2 0082  
                  wtemp3 0084                    wtemp4 0086                    wtemp5 0088  
                  wtemp6 007F          __initialization 0015             __end_of_main 00CE  
                 ??_main 0025                   ?_delay 0020                   _TMR0IE 005D  
                 _TMR0IF 005A                   saved_w 007E  __end_of__initialization 0021  
         __pcstackCOMMON 0070             __pidataBANK0 00ED            __end_of_delay 00ED  
                ??_delay 0022               __pbssBANK0 0027                  ISR@read 0076  
             __pmaintext 0089               __pintentry 0004               _count_flag 0029  
                __ptext1 00CE                  __ptext2 0025            delay@of_count 0023  
           __size_of_ISR 0064                  _segment 0027     end_of_initialization 0021  
    start_initialization 0015              __end_of_ISR 0089              __pdataBANK0 0029  
              ___latbits 0002            __pcstackBANK0 0020           __size_of_delay 001F  
           delay@counter 0020        interrupt_function 0004            __size_of_main 0045  
               intlevel1 0000               _OPTION_REG 0081  
